-------------------------------------------------------------------------------
Test set: com.miage.altea.tp.pokemon_type_api.controller.PokemonTypeControllerTest
-------------------------------------------------------------------------------
Tests run: 5, Failures: 1, Errors: 0, Skipped: 0, Time elapsed: 0.308 s <<< FAILURE! - in com.miage.altea.tp.pokemon_type_api.controller.PokemonTypeControllerTest
getAllPokemonTypes_shouldBeAnnotated  Time elapsed: 0.007 s  <<< FAILURE!
org.opentest4j.AssertionFailedError: array contents differ at index [0], expected: </> but was: <>
	at com.miage.altea.tp.pokemon_type_api.controller.PokemonTypeControllerTest.getAllPokemonTypes_shouldBeAnnotated(PokemonTypeControllerTest.java:69)

